<?xml version="1.0" encoding="UTF-8"?>
<!-- Generated by org.testng.reporters.JUnitXMLReporter -->
<testsuite hostname="DESKTOP-PMF4O4O" ignored="1" name="Car Loan" tests="4" failures="0" timestamp="10 May 2018 02:08:36 GMT" time="0.018" errors="0">
  <testcase name="LoginAPIcarloan" time="0.002" classname="test.day3"/>
  <testcase name="mobilesignincarloan" time="0.004" classname="test.day3"/>
  <testcase name="mobilesignoutcarloan" time="0.002" classname="test.day3"/>
  <testcase name="webloginCarloan" time="0.001" classname="test.day3"/>
  <testcase name="mobilelogincarloan" time="0.0" classname="test.day3">
    <ignored/>
  </testcase> <!-- mobilelogincarloan -->
</testsuite> <!-- Car Loan -->
