<?xml version="1.0" encoding="UTF-8"?>
<!-- Generated by org.testng.reporters.JUnitXMLReporter -->
<testsuite hostname="DESKTOP-PMF4O4O" ignored="1" name="Personal loan" tests="5" failures="0" timestamp="10 May 2018 02:08:36 GMT" time="0.056" errors="0">
  <testcase name="Demo" time="0.011" classname="test.day1"/>
  <testcase name="ploan" time="0.003" classname="test.day2"/>
  <testcase name="LoginAPIcarloan" time="0.001" classname="test.day4"/>
  <testcase name="mobilelogincarloan" time="0.002" classname="test.day4"/>
  <testcase name="webloginHomeloan" time="0.001" classname="test.day4"/>
  <testcase name="SecondTest" time="0.0" classname="test.day1">
    <ignored/>
  </testcase> <!-- SecondTest -->
</testsuite> <!-- Personal loan -->
