<?xml version="1.0" encoding="UTF-8"?>
<!-- Generated by org.testng.reporters.JUnitXMLReporter -->
<testsuite hostname="DESKTOP-PMF4O4O" ignored="8" name="Regression" tests="3" failures="0" timestamp="13 May 2018 19:47:30 GMT" time="0.071" errors="0">
  <testcase name="ploan" time="0.018" classname="test.day2"/>
  <testcase name="LoginAPIcarloan" time="0.003" classname="test.day3"/>
  <testcase name="mobilelogincarloan" time="0.001" classname="test.day4"/>
  <testcase name="webloginCarloan" time="0.0" classname="test.day3">
    <ignored/>
  </testcase> <!-- webloginCarloan -->
  <testcase name="SecondTest" time="0.0" classname="test.day1">
    <ignored/>
  </testcase> <!-- SecondTest -->
  <testcase name="mobilesignincarloan" time="0.0" classname="test.day3">
    <ignored/>
  </testcase> <!-- mobilesignincarloan -->
  <testcase name="webloginHomeloan" time="0.0" classname="test.day4">
    <ignored/>
  </testcase> <!-- webloginHomeloan -->
  <testcase name="LoginAPIcarloan" time="0.0" classname="test.day4">
    <ignored/>
  </testcase> <!-- LoginAPIcarloan -->
  <testcase name="Demo" time="0.0" classname="test.day1">
    <ignored/>
  </testcase> <!-- Demo -->
  <testcase name="mobilesignoutcarloan" time="0.0" classname="test.day3">
    <ignored/>
  </testcase> <!-- mobilesignoutcarloan -->
  <testcase name="mobilelogincarloan" time="0.0" classname="test.day3">
    <ignored/>
  </testcase> <!-- mobilelogincarloan -->
</testsuite> <!-- Regression -->
