<?xml version="1.0" encoding="UTF-8"?>
<testng-results skipped="0" failed="0" ignored="8" total="11" passed="3">
  <reporter-output>
  </reporter-output>
  <suite name="Loan Department" duration-ms="71" started-at="2018-05-13T19:47:30Z" finished-at="2018-05-13T19:47:30Z">
    <groups>
      <group name="Smoke">
        <method signature="day2.ploan()[pri:0, instance:test.day2@51efea79]" name="ploan" class="test.day2"/>
        <method signature="day3.LoginAPIcarloan()[pri:0, instance:test.day3@51081592]" name="LoginAPIcarloan" class="test.day3"/>
        <method signature="day4.mobilelogincarloan()[pri:0, instance:test.day4@7f9a81e8]" name="mobilelogincarloan" class="test.day4"/>
      </group> <!-- Smoke -->
    </groups>
    <test name="Regression" duration-ms="71" started-at="2018-05-13T19:47:30Z" finished-at="2018-05-13T19:47:30Z">
      <class name="test.day4">
        <test-method status="PASS" signature="mobilelogincarloan()[pri:0, instance:test.day4@7f9a81e8]" name="mobilelogincarloan" duration-ms="1" started-at="2018-05-13T19:47:30Z" finished-at="2018-05-13T19:47:30Z">
          <reporter-output>
          </reporter-output>
        </test-method> <!-- mobilelogincarloan -->
      </class> <!-- test.day4 -->
      <class name="test.day2">
        <test-method status="PASS" signature="ploan()[pri:0, instance:test.day2@51efea79]" name="ploan" duration-ms="18" started-at="2018-05-13T19:47:30Z" finished-at="2018-05-13T19:47:30Z">
          <reporter-output>
          </reporter-output>
        </test-method> <!-- ploan -->
      </class> <!-- test.day2 -->
      <class name="test.day3">
        <test-method status="PASS" signature="LoginAPIcarloan()[pri:0, instance:test.day3@51081592]" name="LoginAPIcarloan" duration-ms="3" started-at="2018-05-13T19:47:30Z" finished-at="2018-05-13T19:47:30Z">
          <reporter-output>
          </reporter-output>
        </test-method> <!-- LoginAPIcarloan -->
      </class> <!-- test.day3 -->
    </test> <!-- Regression -->
  </suite> <!-- Loan Department -->
</testng-results>
